Arguments: 
  /home/kevin/.volta/tools/image/node/14.17.3/bin/node /home/kevin/.volta/tools/image/yarn/1.22.10/bin/yarn.js add -D typrescript

PATH: 
  /home/kevin/.volta/tools/image/yarn/1.22.10/bin:/home/kevin/.volta/tools/image/node/14.17.3/bin:/home/kevin/.volta/bin:/home/kevin/.vscode-server/bin/2d23c42a936db1c7b3b06f918cde29561cc47cd6/bin:/home/kevin/.volta/bin:/home/kevin/.volta/bin:/usr/local/sbin:/usr/local/bin:/usr/sbin:/usr/bin:/sbin:/bin:/usr/games:/usr/local/games:/mnt/c/Program Files (x86)/Common Files/Intel/Shared Libraries/redist/intel64/compiler:/mnt/c/Python39/Scripts/:/mnt/c/Python39/:/mnt/c/Windows/system32:/mnt/c/Windows:/mnt/c/Windows/System32/Wbem:/mnt/c/Windows/System32/WindowsPowerShell/v1.0/:/mnt/c/Windows/System32/OpenSSH/:/mnt/c/Program Files (x86)/NVIDIA Corporation/PhysX/Common:/mnt/c/Program Files/NVIDIA Corporation/NVIDIA NvDLISR:/mnt/c/Program Files/nodejs/:/mnt/c/ProgramData/chocolatey/bin:/mnt/c/Program Files/Docker/Docker/resources/bin:/mnt/c/ProgramData/DockerDesktop/version-bin:/mnt/c/Users/kevin/AppData/Local/Microsoft/WindowsApps:/mnt/c/Users/kevin/AppData/Local/Programs/Microsoft VS Code/bin:/mnt/c/Users/kevin/AppData/Roaming/npm:/snap/bin

Yarn version: 
  1.22.10

Node version: 
  14.17.3

Platform: 
  linux x64

Trace: 
  Error: https://registry.yarnpkg.com/typrescript: Not found
      at Request.params.callback [as _callback] (/home/kevin/.volta/tools/image/yarn/1.22.10/lib/cli.js:66988:18)
      at Request.self.callback (/home/kevin/.volta/tools/image/yarn/1.22.10/lib/cli.js:140662:22)
      at Request.emit (events.js:375:28)
      at Request.<anonymous> (/home/kevin/.volta/tools/image/yarn/1.22.10/lib/cli.js:141634:10)
      at Request.emit (events.js:375:28)
      at IncomingMessage.<anonymous> (/home/kevin/.volta/tools/image/yarn/1.22.10/lib/cli.js:141556:12)
      at Object.onceWrapper (events.js:481:28)
      at IncomingMessage.emit (events.js:387:35)
      at endReadableNT (internal/streams/readable.js:1317:12)
      at processTicksAndRejections (internal/process/task_queues.js:82:21)

npm manifest: 
  {
    "name": "server",
    "version": "0.01",
    "description": "Todos backend",
    "main": "index.js",
    "license": "MIT"
  }

yarn manifest: 
  No manifest

Lockfile: 
  No lockfile
